[0903/224706.638:ERROR:process_info.cc(359)] UncheckedAllocate
[0903/232316.855:ERROR:process_reader_win.cc(151)] SuspendThread: Access is denied. (0x5)
[0903/232316.861:ERROR:process_reader_win.cc(151)] SuspendThread: Access is denied. (0x5)
[0903/232316.862:ERROR:process_reader_win.cc(151)] SuspendThread: Access is denied. (0x5)
[0903/232316.862:ERROR:process_reader_win.cc(151)] SuspendThread: Access is denied. (0x5)
[0903/232316.862:ERROR:process_reader_win.cc(151)] SuspendThread: Access is denied. (0x5)
[0903/232316.862:ERROR:process_reader_win.cc(151)] SuspendThread: Access is denied. (0x5)
[0903/232316.863:ERROR:process_reader_win.cc(151)] SuspendThread: Access is denied. (0x5)
[0903/232316.863:ERROR:process_reader_win.cc(151)] SuspendThread: Access is denied. (0x5)
[0903/232316.863:ERROR:process_reader_win.cc(151)] SuspendThread: Access is denied. (0x5)
[0903/232316.863:ERROR:process_reader_win.cc(151)] SuspendThread: Access is denied. (0x5)
[0903/232316.864:ERROR:process_reader_win.cc(151)] SuspendThread: Access is denied. (0x5)
[0903/232316.864:ERROR:process_reader_win.cc(151)] SuspendThread: Access is denied. (0x5)
[0903/232316.864:ERROR:process_reader_win.cc(151)] SuspendThread: Access is denied. (0x5)
[0903/232316.864:ERROR:exception_snapshot_win.cc(98)] thread ID 7808 not found in process
[0914/161943.411:ERROR:process_reader_win.cc(123)] NtOpenThread: {Access Denied} A process has requested access to an object, but has not been granted those access rights. (0xc0000022)
[0914/161943.424:ERROR:exception_snapshot_win.cc(98)] thread ID 2496 not found in process
[0914/171551.494:ERROR:scoped_process_suspend.cc(31)] NtSuspendProcess: An attempt was made to access an exiting process. (0xc000010a)
[0914/171551.505:ERROR:process_info.cc(118)] ReadProcessMemory bool __cdecl crashpad::(anonymous namespace)::ReadStruct(HANDLE, crashpad::WinVMAddress, T *) [T = crashpad::process_types::PEB<crashpad::process_types::internal::Traits64>]: Only part of a ReadProcessMemory or WriteProcessMemory request was completed. (0x12B)
[0914/171551.506:ERROR:process_info.cc(551)] ReadProcessData failed
[0918/012121.746:ERROR:process_info.cc(359)] UncheckedAllocate
[0918/012307.598:ERROR:process_info.cc(359)] UncheckedAllocate
[0918/012349.478:ERROR:process_reader_win.cc(123)] NtOpenThread: {Access Denied} A process has requested access to an object, but has not been granted those access rights. (0xc0000022)
[0918/012349.479:ERROR:exception_snapshot_win.cc(98)] thread ID 3800 not found in process
